[2023-02-07T15:16:36.349+0000] {taskinstance.py:1083} INFO - Dependencies all met for <TaskInstance: data_ingestion_gcs_dag.process_spark.spark_transform_sparksubmit scheduled__2023-02-06T00:00:00+00:00 [queued]>
[2023-02-07T15:16:36.363+0000] {taskinstance.py:1083} INFO - Dependencies all met for <TaskInstance: data_ingestion_gcs_dag.process_spark.spark_transform_sparksubmit scheduled__2023-02-06T00:00:00+00:00 [queued]>
[2023-02-07T15:16:36.364+0000] {taskinstance.py:1279} INFO - 
--------------------------------------------------------------------------------
[2023-02-07T15:16:36.364+0000] {taskinstance.py:1280} INFO - Starting attempt 5 of 6
[2023-02-07T15:16:36.364+0000] {taskinstance.py:1281} INFO - 
--------------------------------------------------------------------------------
[2023-02-07T15:16:36.383+0000] {taskinstance.py:1300} INFO - Executing <Task(DataprocSubmitJobOperator): process_spark.spark_transform_sparksubmit> on 2023-02-06 00:00:00+00:00
[2023-02-07T15:16:36.396+0000] {standard_task_runner.py:55} INFO - Started process 1668 to run task
[2023-02-07T15:16:36.401+0000] {standard_task_runner.py:82} INFO - Running: ['***', 'tasks', 'run', 'data_ingestion_gcs_dag', 'process_spark.spark_transform_sparksubmit', 'scheduled__2023-02-06T00:00:00+00:00', '--job-id', '53', '--raw', '--subdir', 'DAGS_FOLDER/covid19_pipeline.py', '--cfg-path', '/tmp/tmp0m4x4tg5']
[2023-02-07T15:16:36.402+0000] {standard_task_runner.py:83} INFO - Job 53: Subtask process_spark.spark_transform_sparksubmit
[2023-02-07T15:16:36.496+0000] {task_command.py:388} INFO - Running <TaskInstance: data_ingestion_gcs_dag.process_spark.spark_transform_sparksubmit scheduled__2023-02-06T00:00:00+00:00 [running]> on host 954007308cda
[2023-02-07T15:16:36.604+0000] {taskinstance.py:1509} INFO - Exporting the following env vars:
AIRFLOW_CTX_DAG_OWNER=***
AIRFLOW_CTX_DAG_ID=data_ingestion_gcs_dag
AIRFLOW_CTX_TASK_ID=process_spark.spark_transform_sparksubmit
AIRFLOW_CTX_EXECUTION_DATE=2023-02-06T00:00:00+00:00
AIRFLOW_CTX_TRY_NUMBER=5
AIRFLOW_CTX_DAG_RUN_ID=scheduled__2023-02-06T00:00:00+00:00
[2023-02-07T15:16:36.608+0000] {dataproc.py:1866} INFO - Submitting job
[2023-02-07T15:16:36.609+0000] {crypto.py:83} WARNING - empty cryptography key - values will not be stored encrypted.
[2023-02-07T15:16:36.609+0000] {base.py:73} INFO - Using connection ID 'google_cloud_default' for task execution.
[2023-02-07T15:16:36.784+0000] {dataproc.py:1878} INFO - Job a7f1d8cf-eb2b-4946-8f88-94a242de4cd0 submitted successfully.
[2023-02-07T15:16:36.804+0000] {dataproc.py:1898} INFO - Waiting for job a7f1d8cf-eb2b-4946-8f88-94a242de4cd0 to complete
[2023-02-07T15:17:07.044+0000] {dataproc.py:1902} INFO - Job a7f1d8cf-eb2b-4946-8f88-94a242de4cd0 completed successfully.
[2023-02-07T15:17:07.098+0000] {taskinstance.py:1323} INFO - Marking task as SUCCESS. dag_id=data_ingestion_gcs_dag, task_id=process_spark.spark_transform_sparksubmit, execution_date=20230206T000000, start_date=20230207T151636, end_date=20230207T151707
[2023-02-07T15:17:07.148+0000] {local_task_job.py:208} INFO - Task exited with return code 0
