[2023-02-07T18:34:48.479+0000] {taskinstance.py:1083} INFO - Dependencies all met for <TaskInstance: data_ingestion_gcs_dag.process_spark.spark_transform_sparksubmit scheduled__2023-02-06T00:00:00+00:00 [queued]>
[2023-02-07T18:34:48.498+0000] {taskinstance.py:1083} INFO - Dependencies all met for <TaskInstance: data_ingestion_gcs_dag.process_spark.spark_transform_sparksubmit scheduled__2023-02-06T00:00:00+00:00 [queued]>
[2023-02-07T18:34:48.499+0000] {taskinstance.py:1279} INFO - 
--------------------------------------------------------------------------------
[2023-02-07T18:34:48.500+0000] {taskinstance.py:1280} INFO - Starting attempt 6 of 7
[2023-02-07T18:34:48.500+0000] {taskinstance.py:1281} INFO - 
--------------------------------------------------------------------------------
[2023-02-07T18:34:48.525+0000] {taskinstance.py:1300} INFO - Executing <Task(DataprocSubmitJobOperator): process_spark.spark_transform_sparksubmit> on 2023-02-06 00:00:00+00:00
[2023-02-07T18:34:48.539+0000] {standard_task_runner.py:55} INFO - Started process 2617 to run task
[2023-02-07T18:34:48.547+0000] {standard_task_runner.py:82} INFO - Running: ['***', 'tasks', 'run', 'data_ingestion_gcs_dag', 'process_spark.spark_transform_sparksubmit', 'scheduled__2023-02-06T00:00:00+00:00', '--job-id', '70', '--raw', '--subdir', 'DAGS_FOLDER/covid19_pipeline.py', '--cfg-path', '/tmp/tmp61s2avqf']
[2023-02-07T18:34:48.548+0000] {standard_task_runner.py:83} INFO - Job 70: Subtask process_spark.spark_transform_sparksubmit
[2023-02-07T18:34:48.658+0000] {task_command.py:388} INFO - Running <TaskInstance: data_ingestion_gcs_dag.process_spark.spark_transform_sparksubmit scheduled__2023-02-06T00:00:00+00:00 [running]> on host 2231c3c92ba2
[2023-02-07T18:34:48.764+0000] {taskinstance.py:1509} INFO - Exporting the following env vars:
AIRFLOW_CTX_DAG_OWNER=***
AIRFLOW_CTX_DAG_ID=data_ingestion_gcs_dag
AIRFLOW_CTX_TASK_ID=process_spark.spark_transform_sparksubmit
AIRFLOW_CTX_EXECUTION_DATE=2023-02-06T00:00:00+00:00
AIRFLOW_CTX_TRY_NUMBER=6
AIRFLOW_CTX_DAG_RUN_ID=scheduled__2023-02-06T00:00:00+00:00
[2023-02-07T18:34:48.768+0000] {dataproc.py:1866} INFO - Submitting job
[2023-02-07T18:34:48.770+0000] {crypto.py:83} WARNING - empty cryptography key - values will not be stored encrypted.
[2023-02-07T18:34:48.770+0000] {base.py:73} INFO - Using connection ID 'google_cloud_default' for task execution.
[2023-02-07T18:34:48.975+0000] {dataproc.py:1878} INFO - Job 08f6673c-2a36-489c-847f-98faa62781f2 submitted successfully.
[2023-02-07T18:34:48.995+0000] {dataproc.py:1898} INFO - Waiting for job 08f6673c-2a36-489c-847f-98faa62781f2 to complete
[2023-02-07T18:35:19.242+0000] {dataproc.py:1902} INFO - Job 08f6673c-2a36-489c-847f-98faa62781f2 completed successfully.
[2023-02-07T18:35:19.294+0000] {taskinstance.py:1323} INFO - Marking task as SUCCESS. dag_id=data_ingestion_gcs_dag, task_id=process_spark.spark_transform_sparksubmit, execution_date=20230206T000000, start_date=20230207T183448, end_date=20230207T183519
[2023-02-07T18:35:19.337+0000] {local_task_job.py:208} INFO - Task exited with return code 0
