[2023-02-07T14:31:05.490+0000] {taskinstance.py:1083} INFO - Dependencies all met for <TaskInstance: data_ingestion_gcs_dag.process_spark.spark_transform_sparksubmit scheduled__2023-02-06T00:00:00+00:00 [queued]>
[2023-02-07T14:31:05.505+0000] {taskinstance.py:1083} INFO - Dependencies all met for <TaskInstance: data_ingestion_gcs_dag.process_spark.spark_transform_sparksubmit scheduled__2023-02-06T00:00:00+00:00 [queued]>
[2023-02-07T14:31:05.505+0000] {taskinstance.py:1279} INFO - 
--------------------------------------------------------------------------------
[2023-02-07T14:31:05.506+0000] {taskinstance.py:1280} INFO - Starting attempt 2 of 3
[2023-02-07T14:31:05.506+0000] {taskinstance.py:1281} INFO - 
--------------------------------------------------------------------------------
[2023-02-07T14:31:05.529+0000] {taskinstance.py:1300} INFO - Executing <Task(DataprocSubmitJobOperator): process_spark.spark_transform_sparksubmit> on 2023-02-06 00:00:00+00:00
[2023-02-07T14:31:05.542+0000] {standard_task_runner.py:55} INFO - Started process 437 to run task
[2023-02-07T14:31:05.547+0000] {standard_task_runner.py:82} INFO - Running: ['***', 'tasks', 'run', 'data_ingestion_gcs_dag', 'process_spark.spark_transform_sparksubmit', 'scheduled__2023-02-06T00:00:00+00:00', '--job-id', '28', '--raw', '--subdir', 'DAGS_FOLDER/covid19_pipeline.py', '--cfg-path', '/tmp/tmp04cgi0k4']
[2023-02-07T14:31:05.548+0000] {standard_task_runner.py:83} INFO - Job 28: Subtask process_spark.spark_transform_sparksubmit
[2023-02-07T14:31:05.648+0000] {task_command.py:388} INFO - Running <TaskInstance: data_ingestion_gcs_dag.process_spark.spark_transform_sparksubmit scheduled__2023-02-06T00:00:00+00:00 [running]> on host a09916593990
[2023-02-07T14:31:05.758+0000] {taskinstance.py:1509} INFO - Exporting the following env vars:
AIRFLOW_CTX_DAG_OWNER=***
AIRFLOW_CTX_DAG_ID=data_ingestion_gcs_dag
AIRFLOW_CTX_TASK_ID=process_spark.spark_transform_sparksubmit
AIRFLOW_CTX_EXECUTION_DATE=2023-02-06T00:00:00+00:00
AIRFLOW_CTX_TRY_NUMBER=2
AIRFLOW_CTX_DAG_RUN_ID=scheduled__2023-02-06T00:00:00+00:00
[2023-02-07T14:31:05.763+0000] {dataproc.py:1866} INFO - Submitting job
[2023-02-07T14:31:05.765+0000] {crypto.py:83} WARNING - empty cryptography key - values will not be stored encrypted.
[2023-02-07T14:31:05.765+0000] {base.py:73} INFO - Using connection ID 'google_cloud_default' for task execution.
[2023-02-07T14:31:05.990+0000] {dataproc.py:1878} INFO - Job 2604745b-896a-4df8-b552-5dc8aff660c1 submitted successfully.
[2023-02-07T14:31:06.014+0000] {dataproc.py:1898} INFO - Waiting for job 2604745b-896a-4df8-b552-5dc8aff660c1 to complete
[2023-02-07T14:31:46.352+0000] {dataproc.py:1902} INFO - Job 2604745b-896a-4df8-b552-5dc8aff660c1 completed successfully.
[2023-02-07T14:31:46.388+0000] {taskinstance.py:1323} INFO - Marking task as SUCCESS. dag_id=data_ingestion_gcs_dag, task_id=process_spark.spark_transform_sparksubmit, execution_date=20230206T000000, start_date=20230207T143105, end_date=20230207T143146
[2023-02-07T14:31:46.424+0000] {local_task_job.py:208} INFO - Task exited with return code 0
