[2023-02-07T15:10:43.463+0000] {taskinstance.py:1083} INFO - Dependencies all met for <TaskInstance: data_ingestion_gcs_dag.process_spark.spark_transform_sparksubmit scheduled__2023-02-06T00:00:00+00:00 [queued]>
[2023-02-07T15:10:43.478+0000] {taskinstance.py:1083} INFO - Dependencies all met for <TaskInstance: data_ingestion_gcs_dag.process_spark.spark_transform_sparksubmit scheduled__2023-02-06T00:00:00+00:00 [queued]>
[2023-02-07T15:10:43.478+0000] {taskinstance.py:1279} INFO - 
--------------------------------------------------------------------------------
[2023-02-07T15:10:43.478+0000] {taskinstance.py:1280} INFO - Starting attempt 4 of 5
[2023-02-07T15:10:43.479+0000] {taskinstance.py:1281} INFO - 
--------------------------------------------------------------------------------
[2023-02-07T15:10:43.500+0000] {taskinstance.py:1300} INFO - Executing <Task(DataprocSubmitJobOperator): process_spark.spark_transform_sparksubmit> on 2023-02-06 00:00:00+00:00
[2023-02-07T15:10:43.514+0000] {standard_task_runner.py:55} INFO - Started process 1241 to run task
[2023-02-07T15:10:43.520+0000] {standard_task_runner.py:82} INFO - Running: ['***', 'tasks', 'run', 'data_ingestion_gcs_dag', 'process_spark.spark_transform_sparksubmit', 'scheduled__2023-02-06T00:00:00+00:00', '--job-id', '42', '--raw', '--subdir', 'DAGS_FOLDER/covid19_pipeline.py', '--cfg-path', '/tmp/tmp02c3qcbm']
[2023-02-07T15:10:43.521+0000] {standard_task_runner.py:83} INFO - Job 42: Subtask process_spark.spark_transform_sparksubmit
[2023-02-07T15:10:43.620+0000] {task_command.py:388} INFO - Running <TaskInstance: data_ingestion_gcs_dag.process_spark.spark_transform_sparksubmit scheduled__2023-02-06T00:00:00+00:00 [running]> on host 954007308cda
[2023-02-07T15:10:43.728+0000] {taskinstance.py:1509} INFO - Exporting the following env vars:
AIRFLOW_CTX_DAG_OWNER=***
AIRFLOW_CTX_DAG_ID=data_ingestion_gcs_dag
AIRFLOW_CTX_TASK_ID=process_spark.spark_transform_sparksubmit
AIRFLOW_CTX_EXECUTION_DATE=2023-02-06T00:00:00+00:00
AIRFLOW_CTX_TRY_NUMBER=4
AIRFLOW_CTX_DAG_RUN_ID=scheduled__2023-02-06T00:00:00+00:00
[2023-02-07T15:10:43.733+0000] {dataproc.py:1866} INFO - Submitting job
[2023-02-07T15:10:43.735+0000] {crypto.py:83} WARNING - empty cryptography key - values will not be stored encrypted.
[2023-02-07T15:10:43.736+0000] {base.py:73} INFO - Using connection ID 'google_cloud_default' for task execution.
[2023-02-07T15:10:43.940+0000] {dataproc.py:1878} INFO - Job f3ca8ada-62a1-4bb0-a307-8618ecd44fc7 submitted successfully.
[2023-02-07T15:10:43.967+0000] {dataproc.py:1898} INFO - Waiting for job f3ca8ada-62a1-4bb0-a307-8618ecd44fc7 to complete
[2023-02-07T15:11:14.209+0000] {dataproc.py:1902} INFO - Job f3ca8ada-62a1-4bb0-a307-8618ecd44fc7 completed successfully.
[2023-02-07T15:11:14.251+0000] {taskinstance.py:1323} INFO - Marking task as SUCCESS. dag_id=data_ingestion_gcs_dag, task_id=process_spark.spark_transform_sparksubmit, execution_date=20230206T000000, start_date=20230207T151043, end_date=20230207T151114
[2023-02-07T15:11:14.304+0000] {local_task_job.py:208} INFO - Task exited with return code 0
