[2023-02-07T19:03:07.339+0000] {taskinstance.py:1083} INFO - Dependencies all met for <TaskInstance: data_ingestion_gcs_dag.process_spark.spark_transform_sparksubmit scheduled__2023-02-06T00:00:00+00:00 [queued]>
[2023-02-07T19:03:07.359+0000] {taskinstance.py:1083} INFO - Dependencies all met for <TaskInstance: data_ingestion_gcs_dag.process_spark.spark_transform_sparksubmit scheduled__2023-02-06T00:00:00+00:00 [queued]>
[2023-02-07T19:03:07.360+0000] {taskinstance.py:1279} INFO - 
--------------------------------------------------------------------------------
[2023-02-07T19:03:07.361+0000] {taskinstance.py:1280} INFO - Starting attempt 7 of 8
[2023-02-07T19:03:07.362+0000] {taskinstance.py:1281} INFO - 
--------------------------------------------------------------------------------
[2023-02-07T19:03:07.385+0000] {taskinstance.py:1300} INFO - Executing <Task(DataprocSubmitJobOperator): process_spark.spark_transform_sparksubmit> on 2023-02-06 00:00:00+00:00
[2023-02-07T19:03:07.398+0000] {standard_task_runner.py:55} INFO - Started process 410 to run task
[2023-02-07T19:03:07.404+0000] {standard_task_runner.py:82} INFO - Running: ['***', 'tasks', 'run', 'data_ingestion_gcs_dag', 'process_spark.spark_transform_sparksubmit', 'scheduled__2023-02-06T00:00:00+00:00', '--job-id', '81', '--raw', '--subdir', 'DAGS_FOLDER/covid19_pipeline.py', '--cfg-path', '/tmp/tmp3zp7nlod']
[2023-02-07T19:03:07.405+0000] {standard_task_runner.py:83} INFO - Job 81: Subtask process_spark.spark_transform_sparksubmit
[2023-02-07T19:03:07.506+0000] {task_command.py:388} INFO - Running <TaskInstance: data_ingestion_gcs_dag.process_spark.spark_transform_sparksubmit scheduled__2023-02-06T00:00:00+00:00 [running]> on host 5802008f665c
[2023-02-07T19:03:07.628+0000] {taskinstance.py:1509} INFO - Exporting the following env vars:
AIRFLOW_CTX_DAG_OWNER=***
AIRFLOW_CTX_DAG_ID=data_ingestion_gcs_dag
AIRFLOW_CTX_TASK_ID=process_spark.spark_transform_sparksubmit
AIRFLOW_CTX_EXECUTION_DATE=2023-02-06T00:00:00+00:00
AIRFLOW_CTX_TRY_NUMBER=7
AIRFLOW_CTX_DAG_RUN_ID=scheduled__2023-02-06T00:00:00+00:00
[2023-02-07T19:03:07.634+0000] {dataproc.py:1866} INFO - Submitting job
[2023-02-07T19:03:07.636+0000] {crypto.py:83} WARNING - empty cryptography key - values will not be stored encrypted.
[2023-02-07T19:03:07.636+0000] {base.py:73} INFO - Using connection ID 'google_cloud_default' for task execution.
[2023-02-07T19:03:07.863+0000] {dataproc.py:1878} INFO - Job bedefd49-5f28-4413-b434-5ffbddde87b6 submitted successfully.
[2023-02-07T19:03:07.887+0000] {dataproc.py:1898} INFO - Waiting for job bedefd49-5f28-4413-b434-5ffbddde87b6 to complete
[2023-02-07T19:03:58.306+0000] {dataproc.py:1902} INFO - Job bedefd49-5f28-4413-b434-5ffbddde87b6 completed successfully.
[2023-02-07T19:03:58.341+0000] {taskinstance.py:1323} INFO - Marking task as SUCCESS. dag_id=data_ingestion_gcs_dag, task_id=process_spark.spark_transform_sparksubmit, execution_date=20230206T000000, start_date=20230207T190307, end_date=20230207T190358
[2023-02-07T19:03:58.411+0000] {local_task_job.py:208} INFO - Task exited with return code 0
