[2023-02-07T19:04:54.388+0000] {taskinstance.py:1083} INFO - Dependencies all met for <TaskInstance: data_ingestion_gcs_dag.gcp_to_bigquery.bq_vaccination_covid19_data_external_table_task scheduled__2023-02-06T00:00:00+00:00 [queued]>
[2023-02-07T19:04:54.405+0000] {taskinstance.py:1083} INFO - Dependencies all met for <TaskInstance: data_ingestion_gcs_dag.gcp_to_bigquery.bq_vaccination_covid19_data_external_table_task scheduled__2023-02-06T00:00:00+00:00 [queued]>
[2023-02-07T19:04:54.406+0000] {taskinstance.py:1279} INFO - 
--------------------------------------------------------------------------------
[2023-02-07T19:04:54.407+0000] {taskinstance.py:1280} INFO - Starting attempt 8 of 9
[2023-02-07T19:04:54.408+0000] {taskinstance.py:1281} INFO - 
--------------------------------------------------------------------------------
[2023-02-07T19:04:54.433+0000] {taskinstance.py:1300} INFO - Executing <Task(BigQueryCreateExternalTableOperator): gcp_to_bigquery.bq_vaccination_covid19_data_external_table_task> on 2023-02-06 00:00:00+00:00
[2023-02-07T19:04:54.449+0000] {standard_task_runner.py:55} INFO - Started process 588 to run task
[2023-02-07T19:04:54.460+0000] {standard_task_runner.py:82} INFO - Running: ['***', 'tasks', 'run', 'data_ingestion_gcs_dag', 'gcp_to_bigquery.bq_vaccination_covid19_data_external_table_task', 'scheduled__2023-02-06T00:00:00+00:00', '--job-id', '83', '--raw', '--subdir', 'DAGS_FOLDER/covid19_pipeline.py', '--cfg-path', '/tmp/tmpd2b275p7']
[2023-02-07T19:04:54.462+0000] {standard_task_runner.py:83} INFO - Job 83: Subtask gcp_to_bigquery.bq_vaccination_covid19_data_external_table_task
[2023-02-07T19:04:54.594+0000] {task_command.py:388} INFO - Running <TaskInstance: data_ingestion_gcs_dag.gcp_to_bigquery.bq_vaccination_covid19_data_external_table_task scheduled__2023-02-06T00:00:00+00:00 [running]> on host 5802008f665c
[2023-02-07T19:04:54.743+0000] {taskinstance.py:1509} INFO - Exporting the following env vars:
AIRFLOW_CTX_DAG_OWNER=***
AIRFLOW_CTX_DAG_ID=data_ingestion_gcs_dag
AIRFLOW_CTX_TASK_ID=gcp_to_bigquery.bq_vaccination_covid19_data_external_table_task
AIRFLOW_CTX_EXECUTION_DATE=2023-02-06T00:00:00+00:00
AIRFLOW_CTX_TRY_NUMBER=8
AIRFLOW_CTX_DAG_RUN_ID=scheduled__2023-02-06T00:00:00+00:00
[2023-02-07T19:04:54.750+0000] {crypto.py:83} WARNING - empty cryptography key - values will not be stored encrypted.
[2023-02-07T19:04:54.751+0000] {base.py:73} INFO - Using connection ID 'google_cloud_default' for task execution.
[2023-02-07T19:04:56.160+0000] {taskinstance.py:1323} INFO - Marking task as SUCCESS. dag_id=data_ingestion_gcs_dag, task_id=gcp_to_bigquery.bq_vaccination_covid19_data_external_table_task, execution_date=20230206T000000, start_date=20230207T190454, end_date=20230207T190456
[2023-02-07T19:04:56.207+0000] {local_task_job.py:208} INFO - Task exited with return code 0
[2023-02-07T19:04:56.241+0000] {taskinstance.py:2578} INFO - 0 downstream tasks scheduled from follow-on schedule check
