[2023-02-07T11:16:51.211+0000] {taskinstance.py:1083} INFO - Dependencies all met for <TaskInstance: data_ingestion_gcs_dag.download_local_and_upload_GCS.download_vaccination_dataset_task scheduled__2023-02-06T00:00:00+00:00 [queued]>
[2023-02-07T11:16:51.229+0000] {taskinstance.py:1083} INFO - Dependencies all met for <TaskInstance: data_ingestion_gcs_dag.download_local_and_upload_GCS.download_vaccination_dataset_task scheduled__2023-02-06T00:00:00+00:00 [queued]>
[2023-02-07T11:16:51.230+0000] {taskinstance.py:1279} INFO - 
--------------------------------------------------------------------------------
[2023-02-07T11:16:51.230+0000] {taskinstance.py:1280} INFO - Starting attempt 1 of 2
[2023-02-07T11:16:51.230+0000] {taskinstance.py:1281} INFO - 
--------------------------------------------------------------------------------
[2023-02-07T11:16:51.254+0000] {taskinstance.py:1300} INFO - Executing <Task(BashOperator): download_local_and_upload_GCS.download_vaccination_dataset_task> on 2023-02-06 00:00:00+00:00
[2023-02-07T11:16:51.265+0000] {standard_task_runner.py:55} INFO - Started process 309 to run task
[2023-02-07T11:16:51.272+0000] {standard_task_runner.py:82} INFO - Running: ['***', 'tasks', 'run', 'data_ingestion_gcs_dag', 'download_local_and_upload_GCS.download_vaccination_dataset_task', 'scheduled__2023-02-06T00:00:00+00:00', '--job-id', '5', '--raw', '--subdir', 'DAGS_FOLDER/covid19_pipeline.py', '--cfg-path', '/tmp/tmpgy882xoo']
[2023-02-07T11:16:51.273+0000] {standard_task_runner.py:83} INFO - Job 5: Subtask download_local_and_upload_GCS.download_vaccination_dataset_task
[2023-02-07T11:16:51.400+0000] {task_command.py:388} INFO - Running <TaskInstance: data_ingestion_gcs_dag.download_local_and_upload_GCS.download_vaccination_dataset_task scheduled__2023-02-06T00:00:00+00:00 [running]> on host d96abf8f8584
[2023-02-07T11:16:51.544+0000] {taskinstance.py:1509} INFO - Exporting the following env vars:
AIRFLOW_CTX_DAG_OWNER=***
AIRFLOW_CTX_DAG_ID=data_ingestion_gcs_dag
AIRFLOW_CTX_TASK_ID=download_local_and_upload_GCS.download_vaccination_dataset_task
AIRFLOW_CTX_EXECUTION_DATE=2023-02-06T00:00:00+00:00
AIRFLOW_CTX_TRY_NUMBER=1
AIRFLOW_CTX_DAG_RUN_ID=scheduled__2023-02-06T00:00:00+00:00
[2023-02-07T11:16:51.550+0000] {subprocess.py:63} INFO - Tmp dir root location: 
 /tmp
[2023-02-07T11:16:51.551+0000] {subprocess.py:75} INFO - Running command: ['/bin/bash', '-c', 'curl -sS https://covid19.who.int/who-data/vaccination-data.csv > /opt/***/vaccination.csv']
[2023-02-07T11:16:51.576+0000] {subprocess.py:86} INFO - Output:
[2023-02-07T11:16:53.336+0000] {subprocess.py:97} INFO - Command exited with return code 0
[2023-02-07T11:16:53.380+0000] {taskinstance.py:1323} INFO - Marking task as SUCCESS. dag_id=data_ingestion_gcs_dag, task_id=download_local_and_upload_GCS.download_vaccination_dataset_task, execution_date=20230206T000000, start_date=20230207T111651, end_date=20230207T111653
[2023-02-07T11:16:53.421+0000] {local_task_job.py:208} INFO - Task exited with return code 0
