[2023-02-07T15:13:54.778+0000] {taskinstance.py:1083} INFO - Dependencies all met for <TaskInstance: data_ingestion_gcs_dag.download_local_and_upload_GCS.vaccination_local_to_gcs_task scheduled__2023-02-06T00:00:00+00:00 [queued]>
[2023-02-07T15:13:54.791+0000] {taskinstance.py:1083} INFO - Dependencies all met for <TaskInstance: data_ingestion_gcs_dag.download_local_and_upload_GCS.vaccination_local_to_gcs_task scheduled__2023-02-06T00:00:00+00:00 [queued]>
[2023-02-07T15:13:54.791+0000] {taskinstance.py:1279} INFO - 
--------------------------------------------------------------------------------
[2023-02-07T15:13:54.791+0000] {taskinstance.py:1280} INFO - Starting attempt 2 of 3
[2023-02-07T15:13:54.791+0000] {taskinstance.py:1281} INFO - 
--------------------------------------------------------------------------------
[2023-02-07T15:13:54.812+0000] {taskinstance.py:1300} INFO - Executing <Task(PythonOperator): download_local_and_upload_GCS.vaccination_local_to_gcs_task> on 2023-02-06 00:00:00+00:00
[2023-02-07T15:13:54.824+0000] {standard_task_runner.py:55} INFO - Started process 1486 to run task
[2023-02-07T15:13:54.831+0000] {standard_task_runner.py:82} INFO - Running: ['***', 'tasks', 'run', 'data_ingestion_gcs_dag', 'download_local_and_upload_GCS.vaccination_local_to_gcs_task', 'scheduled__2023-02-06T00:00:00+00:00', '--job-id', '48', '--raw', '--subdir', 'DAGS_FOLDER/covid19_pipeline.py', '--cfg-path', '/tmp/tmp2yb1x05a']
[2023-02-07T15:13:54.832+0000] {standard_task_runner.py:83} INFO - Job 48: Subtask download_local_and_upload_GCS.vaccination_local_to_gcs_task
[2023-02-07T15:13:54.956+0000] {task_command.py:388} INFO - Running <TaskInstance: data_ingestion_gcs_dag.download_local_and_upload_GCS.vaccination_local_to_gcs_task scheduled__2023-02-06T00:00:00+00:00 [running]> on host 954007308cda
[2023-02-07T15:13:55.127+0000] {taskinstance.py:1509} INFO - Exporting the following env vars:
AIRFLOW_CTX_DAG_OWNER=***
AIRFLOW_CTX_DAG_ID=data_ingestion_gcs_dag
AIRFLOW_CTX_TASK_ID=download_local_and_upload_GCS.vaccination_local_to_gcs_task
AIRFLOW_CTX_EXECUTION_DATE=2023-02-06T00:00:00+00:00
AIRFLOW_CTX_TRY_NUMBER=2
AIRFLOW_CTX_DAG_RUN_ID=scheduled__2023-02-06T00:00:00+00:00
[2023-02-07T15:13:55.836+0000] {python.py:177} INFO - Done. Returned value was: None
[2023-02-07T15:13:55.855+0000] {taskinstance.py:1323} INFO - Marking task as SUCCESS. dag_id=data_ingestion_gcs_dag, task_id=download_local_and_upload_GCS.vaccination_local_to_gcs_task, execution_date=20230206T000000, start_date=20230207T151354, end_date=20230207T151355
[2023-02-07T15:13:55.928+0000] {local_task_job.py:208} INFO - Task exited with return code 0
