[2023-02-07T11:16:56.433+0000] {taskinstance.py:1083} INFO - Dependencies all met for <TaskInstance: data_ingestion_gcs_dag.download_local_and_upload_GCS.vaccination_local_to_gcs_task scheduled__2023-02-06T00:00:00+00:00 [queued]>
[2023-02-07T11:16:56.454+0000] {taskinstance.py:1083} INFO - Dependencies all met for <TaskInstance: data_ingestion_gcs_dag.download_local_and_upload_GCS.vaccination_local_to_gcs_task scheduled__2023-02-06T00:00:00+00:00 [queued]>
[2023-02-07T11:16:56.455+0000] {taskinstance.py:1279} INFO - 
--------------------------------------------------------------------------------
[2023-02-07T11:16:56.456+0000] {taskinstance.py:1280} INFO - Starting attempt 1 of 2
[2023-02-07T11:16:56.457+0000] {taskinstance.py:1281} INFO - 
--------------------------------------------------------------------------------
[2023-02-07T11:16:56.487+0000] {taskinstance.py:1300} INFO - Executing <Task(PythonOperator): download_local_and_upload_GCS.vaccination_local_to_gcs_task> on 2023-02-06 00:00:00+00:00
[2023-02-07T11:16:56.501+0000] {standard_task_runner.py:55} INFO - Started process 333 to run task
[2023-02-07T11:16:56.507+0000] {standard_task_runner.py:82} INFO - Running: ['***', 'tasks', 'run', 'data_ingestion_gcs_dag', 'download_local_and_upload_GCS.vaccination_local_to_gcs_task', 'scheduled__2023-02-06T00:00:00+00:00', '--job-id', '8', '--raw', '--subdir', 'DAGS_FOLDER/covid19_pipeline.py', '--cfg-path', '/tmp/tmp1u7bayss']
[2023-02-07T11:16:56.508+0000] {standard_task_runner.py:83} INFO - Job 8: Subtask download_local_and_upload_GCS.vaccination_local_to_gcs_task
[2023-02-07T11:16:56.634+0000] {task_command.py:388} INFO - Running <TaskInstance: data_ingestion_gcs_dag.download_local_and_upload_GCS.vaccination_local_to_gcs_task scheduled__2023-02-06T00:00:00+00:00 [running]> on host d96abf8f8584
[2023-02-07T11:16:56.783+0000] {taskinstance.py:1509} INFO - Exporting the following env vars:
AIRFLOW_CTX_DAG_OWNER=***
AIRFLOW_CTX_DAG_ID=data_ingestion_gcs_dag
AIRFLOW_CTX_TASK_ID=download_local_and_upload_GCS.vaccination_local_to_gcs_task
AIRFLOW_CTX_EXECUTION_DATE=2023-02-06T00:00:00+00:00
AIRFLOW_CTX_TRY_NUMBER=1
AIRFLOW_CTX_DAG_RUN_ID=scheduled__2023-02-06T00:00:00+00:00
[2023-02-07T11:16:57.277+0000] {python.py:177} INFO - Done. Returned value was: None
[2023-02-07T11:16:57.298+0000] {taskinstance.py:1323} INFO - Marking task as SUCCESS. dag_id=data_ingestion_gcs_dag, task_id=download_local_and_upload_GCS.vaccination_local_to_gcs_task, execution_date=20230206T000000, start_date=20230207T111656, end_date=20230207T111657
[2023-02-07T11:16:57.375+0000] {local_task_job.py:208} INFO - Task exited with return code 0
