[2023-02-07T18:32:07.417+0000] {taskinstance.py:1083} INFO - Dependencies all met for <TaskInstance: data_ingestion_gcs_dag.download_local_and_upload_GCS.covid_cases_local_to_gcs_task scheduled__2023-02-06T00:00:00+00:00 [queued]>
[2023-02-07T18:32:07.430+0000] {taskinstance.py:1083} INFO - Dependencies all met for <TaskInstance: data_ingestion_gcs_dag.download_local_and_upload_GCS.covid_cases_local_to_gcs_task scheduled__2023-02-06T00:00:00+00:00 [queued]>
[2023-02-07T18:32:07.430+0000] {taskinstance.py:1279} INFO - 
--------------------------------------------------------------------------------
[2023-02-07T18:32:07.430+0000] {taskinstance.py:1280} INFO - Starting attempt 3 of 4
[2023-02-07T18:32:07.430+0000] {taskinstance.py:1281} INFO - 
--------------------------------------------------------------------------------
[2023-02-07T18:32:07.450+0000] {taskinstance.py:1300} INFO - Executing <Task(PythonOperator): download_local_and_upload_GCS.covid_cases_local_to_gcs_task> on 2023-02-06 00:00:00+00:00
[2023-02-07T18:32:07.465+0000] {standard_task_runner.py:55} INFO - Started process 2440 to run task
[2023-02-07T18:32:07.471+0000] {standard_task_runner.py:82} INFO - Running: ['***', 'tasks', 'run', 'data_ingestion_gcs_dag', 'download_local_and_upload_GCS.covid_cases_local_to_gcs_task', 'scheduled__2023-02-06T00:00:00+00:00', '--job-id', '65', '--raw', '--subdir', 'DAGS_FOLDER/covid19_pipeline.py', '--cfg-path', '/tmp/tmpmf3b4dzq']
[2023-02-07T18:32:07.471+0000] {standard_task_runner.py:83} INFO - Job 65: Subtask download_local_and_upload_GCS.covid_cases_local_to_gcs_task
[2023-02-07T18:32:07.574+0000] {task_command.py:388} INFO - Running <TaskInstance: data_ingestion_gcs_dag.download_local_and_upload_GCS.covid_cases_local_to_gcs_task scheduled__2023-02-06T00:00:00+00:00 [running]> on host 2231c3c92ba2
[2023-02-07T18:32:07.724+0000] {taskinstance.py:1509} INFO - Exporting the following env vars:
AIRFLOW_CTX_DAG_OWNER=***
AIRFLOW_CTX_DAG_ID=data_ingestion_gcs_dag
AIRFLOW_CTX_TASK_ID=download_local_and_upload_GCS.covid_cases_local_to_gcs_task
AIRFLOW_CTX_EXECUTION_DATE=2023-02-06T00:00:00+00:00
AIRFLOW_CTX_TRY_NUMBER=3
AIRFLOW_CTX_DAG_RUN_ID=scheduled__2023-02-06T00:00:00+00:00
[2023-02-07T18:32:09.078+0000] {python.py:177} INFO - Done. Returned value was: None
[2023-02-07T18:32:09.099+0000] {taskinstance.py:1323} INFO - Marking task as SUCCESS. dag_id=data_ingestion_gcs_dag, task_id=download_local_and_upload_GCS.covid_cases_local_to_gcs_task, execution_date=20230206T000000, start_date=20230207T183207, end_date=20230207T183209
[2023-02-07T18:32:09.151+0000] {local_task_job.py:208} INFO - Task exited with return code 0
