[2023-02-07T15:13:57.341+0000] {taskinstance.py:1083} INFO - Dependencies all met for <TaskInstance: data_ingestion_gcs_dag.download_local_and_upload_GCS.covid_cases_local_to_gcs_task scheduled__2023-02-06T00:00:00+00:00 [queued]>
[2023-02-07T15:13:57.361+0000] {taskinstance.py:1083} INFO - Dependencies all met for <TaskInstance: data_ingestion_gcs_dag.download_local_and_upload_GCS.covid_cases_local_to_gcs_task scheduled__2023-02-06T00:00:00+00:00 [queued]>
[2023-02-07T15:13:57.361+0000] {taskinstance.py:1279} INFO - 
--------------------------------------------------------------------------------
[2023-02-07T15:13:57.361+0000] {taskinstance.py:1280} INFO - Starting attempt 2 of 3
[2023-02-07T15:13:57.362+0000] {taskinstance.py:1281} INFO - 
--------------------------------------------------------------------------------
[2023-02-07T15:13:57.395+0000] {taskinstance.py:1300} INFO - Executing <Task(PythonOperator): download_local_and_upload_GCS.covid_cases_local_to_gcs_task> on 2023-02-06 00:00:00+00:00
[2023-02-07T15:13:57.410+0000] {standard_task_runner.py:55} INFO - Started process 1499 to run task
[2023-02-07T15:13:57.418+0000] {standard_task_runner.py:82} INFO - Running: ['***', 'tasks', 'run', 'data_ingestion_gcs_dag', 'download_local_and_upload_GCS.covid_cases_local_to_gcs_task', 'scheduled__2023-02-06T00:00:00+00:00', '--job-id', '49', '--raw', '--subdir', 'DAGS_FOLDER/covid19_pipeline.py', '--cfg-path', '/tmp/tmpyae9mgmk']
[2023-02-07T15:13:57.420+0000] {standard_task_runner.py:83} INFO - Job 49: Subtask download_local_and_upload_GCS.covid_cases_local_to_gcs_task
[2023-02-07T15:13:57.557+0000] {task_command.py:388} INFO - Running <TaskInstance: data_ingestion_gcs_dag.download_local_and_upload_GCS.covid_cases_local_to_gcs_task scheduled__2023-02-06T00:00:00+00:00 [running]> on host 954007308cda
[2023-02-07T15:13:57.767+0000] {taskinstance.py:1509} INFO - Exporting the following env vars:
AIRFLOW_CTX_DAG_OWNER=***
AIRFLOW_CTX_DAG_ID=data_ingestion_gcs_dag
AIRFLOW_CTX_TASK_ID=download_local_and_upload_GCS.covid_cases_local_to_gcs_task
AIRFLOW_CTX_EXECUTION_DATE=2023-02-06T00:00:00+00:00
AIRFLOW_CTX_TRY_NUMBER=2
AIRFLOW_CTX_DAG_RUN_ID=scheduled__2023-02-06T00:00:00+00:00
[2023-02-07T15:13:59.024+0000] {python.py:177} INFO - Done. Returned value was: None
[2023-02-07T15:13:59.043+0000] {taskinstance.py:1323} INFO - Marking task as SUCCESS. dag_id=data_ingestion_gcs_dag, task_id=download_local_and_upload_GCS.covid_cases_local_to_gcs_task, execution_date=20230206T000000, start_date=20230207T151357, end_date=20230207T151359
[2023-02-07T15:13:59.102+0000] {local_task_job.py:208} INFO - Task exited with return code 0
