[2023-02-07T15:08:00.858+0000] {taskinstance.py:1083} INFO - Dependencies all met for <TaskInstance: data_ingestion_gcs_dag.process_spark.create_dataproc_cluster scheduled__2023-02-06T00:00:00+00:00 [queued]>
[2023-02-07T15:08:00.924+0000] {taskinstance.py:1083} INFO - Dependencies all met for <TaskInstance: data_ingestion_gcs_dag.process_spark.create_dataproc_cluster scheduled__2023-02-06T00:00:00+00:00 [queued]>
[2023-02-07T15:08:00.925+0000] {taskinstance.py:1279} INFO - 
--------------------------------------------------------------------------------
[2023-02-07T15:08:00.926+0000] {taskinstance.py:1280} INFO - Starting attempt 7 of 8
[2023-02-07T15:08:00.927+0000] {taskinstance.py:1281} INFO - 
--------------------------------------------------------------------------------
[2023-02-07T15:08:00.994+0000] {taskinstance.py:1300} INFO - Executing <Task(DataprocCreateClusterOperator): process_spark.create_dataproc_cluster> on 2023-02-06 00:00:00+00:00
[2023-02-07T15:08:01.013+0000] {standard_task_runner.py:55} INFO - Started process 1074 to run task
[2023-02-07T15:08:01.048+0000] {standard_task_runner.py:82} INFO - Running: ['***', 'tasks', 'run', 'data_ingestion_gcs_dag', 'process_spark.create_dataproc_cluster', 'scheduled__2023-02-06T00:00:00+00:00', '--job-id', '41', '--raw', '--subdir', 'DAGS_FOLDER/covid19_pipeline.py', '--cfg-path', '/tmp/tmpe2ztj8tk']
[2023-02-07T15:08:01.049+0000] {standard_task_runner.py:83} INFO - Job 41: Subtask process_spark.create_dataproc_cluster
[2023-02-07T15:08:01.323+0000] {task_command.py:388} INFO - Running <TaskInstance: data_ingestion_gcs_dag.process_spark.create_dataproc_cluster scheduled__2023-02-06T00:00:00+00:00 [running]> on host 954007308cda
[2023-02-07T15:08:01.515+0000] {taskinstance.py:1509} INFO - Exporting the following env vars:
AIRFLOW_CTX_DAG_OWNER=***
AIRFLOW_CTX_DAG_ID=data_ingestion_gcs_dag
AIRFLOW_CTX_TASK_ID=process_spark.create_dataproc_cluster
AIRFLOW_CTX_EXECUTION_DATE=2023-02-06T00:00:00+00:00
AIRFLOW_CTX_TRY_NUMBER=7
AIRFLOW_CTX_DAG_RUN_ID=scheduled__2023-02-06T00:00:00+00:00
[2023-02-07T15:08:01.520+0000] {dataproc.py:591} INFO - Creating cluster: covid19-process-cluster
[2023-02-07T15:08:01.523+0000] {crypto.py:83} WARNING - empty cryptography key - values will not be stored encrypted.
[2023-02-07T15:08:01.523+0000] {base.py:73} INFO - Using connection ID 'google_cloud_default' for task execution.
[2023-02-07T15:10:41.241+0000] {dataproc.py:535} INFO - Cluster created.
[2023-02-07T15:10:41.295+0000] {taskinstance.py:1323} INFO - Marking task as SUCCESS. dag_id=data_ingestion_gcs_dag, task_id=process_spark.create_dataproc_cluster, execution_date=20230206T000000, start_date=20230207T150800, end_date=20230207T151041
[2023-02-07T15:10:41.355+0000] {local_task_job.py:208} INFO - Task exited with return code 0
