[2023-02-07T15:13:58.634+0000] {taskinstance.py:1083} INFO - Dependencies all met for <TaskInstance: data_ingestion_gcs_dag.download_local_and_upload_GCS.delete_vaccination_dataset_task scheduled__2023-02-06T00:00:00+00:00 [queued]>
[2023-02-07T15:13:58.653+0000] {taskinstance.py:1083} INFO - Dependencies all met for <TaskInstance: data_ingestion_gcs_dag.download_local_and_upload_GCS.delete_vaccination_dataset_task scheduled__2023-02-06T00:00:00+00:00 [queued]>
[2023-02-07T15:13:58.655+0000] {taskinstance.py:1279} INFO - 
--------------------------------------------------------------------------------
[2023-02-07T15:13:58.656+0000] {taskinstance.py:1280} INFO - Starting attempt 2 of 3
[2023-02-07T15:13:58.657+0000] {taskinstance.py:1281} INFO - 
--------------------------------------------------------------------------------
[2023-02-07T15:13:58.690+0000] {taskinstance.py:1300} INFO - Executing <Task(BashOperator): download_local_and_upload_GCS.delete_vaccination_dataset_task> on 2023-02-06 00:00:00+00:00
[2023-02-07T15:13:58.704+0000] {standard_task_runner.py:55} INFO - Started process 1502 to run task
[2023-02-07T15:13:58.718+0000] {standard_task_runner.py:82} INFO - Running: ['***', 'tasks', 'run', 'data_ingestion_gcs_dag', 'download_local_and_upload_GCS.delete_vaccination_dataset_task', 'scheduled__2023-02-06T00:00:00+00:00', '--job-id', '50', '--raw', '--subdir', 'DAGS_FOLDER/covid19_pipeline.py', '--cfg-path', '/tmp/tmptyi4g7o4']
[2023-02-07T15:13:58.719+0000] {standard_task_runner.py:83} INFO - Job 50: Subtask download_local_and_upload_GCS.delete_vaccination_dataset_task
[2023-02-07T15:13:58.856+0000] {task_command.py:388} INFO - Running <TaskInstance: data_ingestion_gcs_dag.download_local_and_upload_GCS.delete_vaccination_dataset_task scheduled__2023-02-06T00:00:00+00:00 [running]> on host 954007308cda
[2023-02-07T15:13:59.017+0000] {taskinstance.py:1509} INFO - Exporting the following env vars:
AIRFLOW_CTX_DAG_OWNER=***
AIRFLOW_CTX_DAG_ID=data_ingestion_gcs_dag
AIRFLOW_CTX_TASK_ID=download_local_and_upload_GCS.delete_vaccination_dataset_task
AIRFLOW_CTX_EXECUTION_DATE=2023-02-06T00:00:00+00:00
AIRFLOW_CTX_TRY_NUMBER=2
AIRFLOW_CTX_DAG_RUN_ID=scheduled__2023-02-06T00:00:00+00:00
[2023-02-07T15:13:59.024+0000] {subprocess.py:63} INFO - Tmp dir root location: 
 /tmp
[2023-02-07T15:13:59.027+0000] {subprocess.py:75} INFO - Running command: ['/bin/bash', '-c', 'rm /opt/***/vaccination.csv']
[2023-02-07T15:13:59.061+0000] {subprocess.py:86} INFO - Output:
[2023-02-07T15:13:59.073+0000] {subprocess.py:97} INFO - Command exited with return code 0
[2023-02-07T15:13:59.136+0000] {taskinstance.py:1323} INFO - Marking task as SUCCESS. dag_id=data_ingestion_gcs_dag, task_id=download_local_and_upload_GCS.delete_vaccination_dataset_task, execution_date=20230206T000000, start_date=20230207T151358, end_date=20230207T151359
[2023-02-07T15:13:59.218+0000] {local_task_job.py:208} INFO - Task exited with return code 0
