[2023-02-07T15:11:16.962+0000] {taskinstance.py:1083} INFO - Dependencies all met for <TaskInstance: data_ingestion_gcs_dag.process_spark.delete_cluster scheduled__2023-02-06T00:00:00+00:00 [queued]>
[2023-02-07T15:11:16.977+0000] {taskinstance.py:1083} INFO - Dependencies all met for <TaskInstance: data_ingestion_gcs_dag.process_spark.delete_cluster scheduled__2023-02-06T00:00:00+00:00 [queued]>
[2023-02-07T15:11:16.977+0000] {taskinstance.py:1279} INFO - 
--------------------------------------------------------------------------------
[2023-02-07T15:11:16.978+0000] {taskinstance.py:1280} INFO - Starting attempt 2 of 3
[2023-02-07T15:11:16.978+0000] {taskinstance.py:1281} INFO - 
--------------------------------------------------------------------------------
[2023-02-07T15:11:16.998+0000] {taskinstance.py:1300} INFO - Executing <Task(DataprocDeleteClusterOperator): process_spark.delete_cluster> on 2023-02-06 00:00:00+00:00
[2023-02-07T15:11:17.012+0000] {standard_task_runner.py:55} INFO - Started process 1304 to run task
[2023-02-07T15:11:17.018+0000] {standard_task_runner.py:82} INFO - Running: ['***', 'tasks', 'run', 'data_ingestion_gcs_dag', 'process_spark.delete_cluster', 'scheduled__2023-02-06T00:00:00+00:00', '--job-id', '43', '--raw', '--subdir', 'DAGS_FOLDER/covid19_pipeline.py', '--cfg-path', '/tmp/tmp3s_lt1mq']
[2023-02-07T15:11:17.018+0000] {standard_task_runner.py:83} INFO - Job 43: Subtask process_spark.delete_cluster
[2023-02-07T15:11:17.115+0000] {task_command.py:388} INFO - Running <TaskInstance: data_ingestion_gcs_dag.process_spark.delete_cluster scheduled__2023-02-06T00:00:00+00:00 [running]> on host 954007308cda
[2023-02-07T15:11:17.217+0000] {taskinstance.py:1509} INFO - Exporting the following env vars:
AIRFLOW_CTX_DAG_OWNER=***
AIRFLOW_CTX_DAG_ID=data_ingestion_gcs_dag
AIRFLOW_CTX_TASK_ID=process_spark.delete_cluster
AIRFLOW_CTX_EXECUTION_DATE=2023-02-06T00:00:00+00:00
AIRFLOW_CTX_TRY_NUMBER=2
AIRFLOW_CTX_DAG_RUN_ID=scheduled__2023-02-06T00:00:00+00:00
[2023-02-07T15:11:17.223+0000] {crypto.py:83} WARNING - empty cryptography key - values will not be stored encrypted.
[2023-02-07T15:11:17.224+0000] {base.py:73} INFO - Using connection ID 'google_cloud_default' for task execution.
[2023-02-07T15:11:17.224+0000] {dataproc.py:817} INFO - Deleting cluster: covid19-process-cluster
[2023-02-07T15:11:52.105+0000] {dataproc.py:829} INFO - Cluster deleted.
[2023-02-07T15:11:52.132+0000] {taskinstance.py:1323} INFO - Marking task as SUCCESS. dag_id=data_ingestion_gcs_dag, task_id=process_spark.delete_cluster, execution_date=20230206T000000, start_date=20230207T151116, end_date=20230207T151152
[2023-02-07T15:11:52.192+0000] {local_task_job.py:208} INFO - Task exited with return code 0
