[2023-02-07T19:04:01.457+0000] {taskinstance.py:1083} INFO - Dependencies all met for <TaskInstance: data_ingestion_gcs_dag.process_spark.delete_cluster scheduled__2023-02-06T00:00:00+00:00 [queued]>
[2023-02-07T19:04:01.473+0000] {taskinstance.py:1083} INFO - Dependencies all met for <TaskInstance: data_ingestion_gcs_dag.process_spark.delete_cluster scheduled__2023-02-06T00:00:00+00:00 [queued]>
[2023-02-07T19:04:01.474+0000] {taskinstance.py:1279} INFO - 
--------------------------------------------------------------------------------
[2023-02-07T19:04:01.474+0000] {taskinstance.py:1280} INFO - Starting attempt 5 of 6
[2023-02-07T19:04:01.475+0000] {taskinstance.py:1281} INFO - 
--------------------------------------------------------------------------------
[2023-02-07T19:04:01.496+0000] {taskinstance.py:1300} INFO - Executing <Task(DataprocDeleteClusterOperator): process_spark.delete_cluster> on 2023-02-06 00:00:00+00:00
[2023-02-07T19:04:01.510+0000] {standard_task_runner.py:55} INFO - Started process 517 to run task
[2023-02-07T19:04:01.517+0000] {standard_task_runner.py:82} INFO - Running: ['***', 'tasks', 'run', 'data_ingestion_gcs_dag', 'process_spark.delete_cluster', 'scheduled__2023-02-06T00:00:00+00:00', '--job-id', '82', '--raw', '--subdir', 'DAGS_FOLDER/covid19_pipeline.py', '--cfg-path', '/tmp/tmpjj_63y6d']
[2023-02-07T19:04:01.519+0000] {standard_task_runner.py:83} INFO - Job 82: Subtask process_spark.delete_cluster
[2023-02-07T19:04:01.619+0000] {task_command.py:388} INFO - Running <TaskInstance: data_ingestion_gcs_dag.process_spark.delete_cluster scheduled__2023-02-06T00:00:00+00:00 [running]> on host 5802008f665c
[2023-02-07T19:04:01.732+0000] {taskinstance.py:1509} INFO - Exporting the following env vars:
AIRFLOW_CTX_DAG_OWNER=***
AIRFLOW_CTX_DAG_ID=data_ingestion_gcs_dag
AIRFLOW_CTX_TASK_ID=process_spark.delete_cluster
AIRFLOW_CTX_EXECUTION_DATE=2023-02-06T00:00:00+00:00
AIRFLOW_CTX_TRY_NUMBER=5
AIRFLOW_CTX_DAG_RUN_ID=scheduled__2023-02-06T00:00:00+00:00
[2023-02-07T19:04:01.738+0000] {crypto.py:83} WARNING - empty cryptography key - values will not be stored encrypted.
[2023-02-07T19:04:01.739+0000] {base.py:73} INFO - Using connection ID 'google_cloud_default' for task execution.
[2023-02-07T19:04:01.739+0000] {dataproc.py:817} INFO - Deleting cluster: covid19-process-cluster
[2023-02-07T19:04:51.088+0000] {dataproc.py:829} INFO - Cluster deleted.
[2023-02-07T19:04:51.111+0000] {taskinstance.py:1323} INFO - Marking task as SUCCESS. dag_id=data_ingestion_gcs_dag, task_id=process_spark.delete_cluster, execution_date=20230206T000000, start_date=20230207T190401, end_date=20230207T190451
[2023-02-07T19:04:51.147+0000] {local_task_job.py:208} INFO - Task exited with return code 0
