[2023-02-07T14:31:49.269+0000] {taskinstance.py:1083} INFO - Dependencies all met for <TaskInstance: data_ingestion_gcs_dag.process_spark.delete_cluster scheduled__2023-02-06T00:00:00+00:00 [queued]>
[2023-02-07T14:31:49.285+0000] {taskinstance.py:1083} INFO - Dependencies all met for <TaskInstance: data_ingestion_gcs_dag.process_spark.delete_cluster scheduled__2023-02-06T00:00:00+00:00 [queued]>
[2023-02-07T14:31:49.286+0000] {taskinstance.py:1279} INFO - 
--------------------------------------------------------------------------------
[2023-02-07T14:31:49.286+0000] {taskinstance.py:1280} INFO - Starting attempt 1 of 2
[2023-02-07T14:31:49.286+0000] {taskinstance.py:1281} INFO - 
--------------------------------------------------------------------------------
[2023-02-07T14:31:49.307+0000] {taskinstance.py:1300} INFO - Executing <Task(DataprocDeleteClusterOperator): process_spark.delete_cluster> on 2023-02-06 00:00:00+00:00
[2023-02-07T14:31:49.320+0000] {standard_task_runner.py:55} INFO - Started process 521 to run task
[2023-02-07T14:31:49.326+0000] {standard_task_runner.py:82} INFO - Running: ['***', 'tasks', 'run', 'data_ingestion_gcs_dag', 'process_spark.delete_cluster', 'scheduled__2023-02-06T00:00:00+00:00', '--job-id', '29', '--raw', '--subdir', 'DAGS_FOLDER/covid19_pipeline.py', '--cfg-path', '/tmp/tmp_qqwbyoi']
[2023-02-07T14:31:49.327+0000] {standard_task_runner.py:83} INFO - Job 29: Subtask process_spark.delete_cluster
[2023-02-07T14:31:49.429+0000] {task_command.py:388} INFO - Running <TaskInstance: data_ingestion_gcs_dag.process_spark.delete_cluster scheduled__2023-02-06T00:00:00+00:00 [running]> on host a09916593990
[2023-02-07T14:31:49.541+0000] {taskinstance.py:1509} INFO - Exporting the following env vars:
AIRFLOW_CTX_DAG_OWNER=***
AIRFLOW_CTX_DAG_ID=data_ingestion_gcs_dag
AIRFLOW_CTX_TASK_ID=process_spark.delete_cluster
AIRFLOW_CTX_EXECUTION_DATE=2023-02-06T00:00:00+00:00
AIRFLOW_CTX_TRY_NUMBER=1
AIRFLOW_CTX_DAG_RUN_ID=scheduled__2023-02-06T00:00:00+00:00
[2023-02-07T14:31:49.547+0000] {crypto.py:83} WARNING - empty cryptography key - values will not be stored encrypted.
[2023-02-07T14:31:49.548+0000] {base.py:73} INFO - Using connection ID 'google_cloud_default' for task execution.
[2023-02-07T14:31:49.548+0000] {dataproc.py:817} INFO - Deleting cluster: covid19-process-cluster
[2023-02-07T14:32:37.295+0000] {dataproc.py:829} INFO - Cluster deleted.
[2023-02-07T14:32:37.318+0000] {taskinstance.py:1323} INFO - Marking task as SUCCESS. dag_id=data_ingestion_gcs_dag, task_id=process_spark.delete_cluster, execution_date=20230206T000000, start_date=20230207T143149, end_date=20230207T143237
[2023-02-07T14:32:37.455+0000] {local_task_job.py:208} INFO - Task exited with return code 0
